AndroidPlatformFactory.RegisterBuildPlatforms: UnrealBuildTool.AndroidPlatformSDK has no valid SDK
IOSPlatformFactory.RegisterBuildPlatforms: UnrealBuildTool.IOSPlatformSDK has no valid SDK
LinuxPlatformFactory.RegisterBuildPlatforms: UnrealBuildTool.LinuxPlatformSDK has no valid SDK
WindowsPlatformFactory.RegisterBuildPlatforms: UnrealBuildTool.WindowsPlatformSDK using manually installed SDK
ProjectFileGenerator.GenerateProjectFiles: Discovering modules, targets and source code for project...
WindowsPlatform.FindVisualStudioInstallations: Found Visual Studio installation: C:\Program Files (x86)\Microsoft Visual Studio\2019\Community (Product=Microsoft.VisualStudio.Product.Community, Version=16.11.31911.196)
WindowsPlatform.FindVisualStudioInstallations: Found Visual Studio installation: C:\Program Files\Microsoft Visual Studio\2022\Community (Product=Microsoft.VisualStudio.Product.Community, Version=17.0.31912.275)
WindowsPlatform.FindVisualStudioToolChains: Found Visual Studio toolchain: C:\Program Files\Microsoft Visual Studio\2022\Community\VC\Tools\MSVC\14.30.30705 (Version=14.30.30705)
WindowsPlatform.EnumerateSdkRootDirs: Found Windows 10 SDK root at C:\Program Files (x86)\Windows Kits\10 (1)
WindowsPlatform.EnumerateSdkRootDirs: Found Windows 10 SDK root at C:\Program Files (x86)\Windows Kits\10 (2)
WindowsPlatform.UpdateCachedWindowsSdks: Found Windows 10 SDK version 10.0.19041.0 at C:\Program Files (x86)\Windows Kits\10
WindowsPlatform.UpdateCachedWindowsSdks: Found Universal CRT version 10.0.19041.0 at C:\Program Files (x86)\Windows Kits\10
UnrealBuildTool.Main: ERROR: Could not find NetFxSDK install dir; this will prevent SwarmInterface from installing.  Install a version of .NET Framework SDK at 4.6.0 or higher.
UnrealBuildTool.Main: BuildException: Could not find NetFxSDK install dir; this will prevent SwarmInterface from installing.  Install a version of .NET Framework SDK at 4.6.0 or higher.
UnrealBuildTool.Main:    à UnrealBuildTool.VCEnvironment.SetupEnvironment(UnrealTargetPlatform Platform) dans D:\Build\++UE4\Sync\Engine\Source\Programs\UnrealBuildTool\Platform\Windows\VCEnvironment.cs:ligne 446
UnrealBuildTool.Main:    à UnrealBuildTool.VCEnvironment..ctor(UnrealTargetPlatform Platform, WindowsCompiler Compiler, DirectoryReference CompilerDir, VersionNumber CompilerVersion, WindowsArchitecture Architecture, WindowsCompiler ToolChain, DirectoryReference ToolChainDir, VersionNumber ToolChainVersion, DirectoryReference WindowsSdkDir, VersionNumber WindowsSdkVersion) dans D:\Build\++UE4\Sync\Engine\Source\Programs\UnrealBuildTool\Platform\Windows\VCEnvironment.cs:ligne 136
UnrealBuildTool.Main:    à UnrealBuildTool.VCEnvironment.Create(WindowsCompiler Compiler, UnrealTargetPlatform Platform, WindowsArchitecture Architecture, String CompilerVersion, String WindowsSdkVersion, String SuppliedSdkDirectoryForVersion) dans D:\Build\++UE4\Sync\Engine\Source\Programs\UnrealBuildTool\Platform\Windows\VCEnvironment.cs:ligne 545
UnrealBuildTool.Main:    à UnrealBuildTool.WindowsPlatform.CreateVCEnvironment(TargetRules Target) dans D:\Build\++UE4\Sync\Engine\Source\Programs\UnrealBuildTool\Platform\Windows\UEBuildWindows.cs:ligne 796
UnrealBuildTool.Main:    à UnrealBuildTool.WindowsPlatform.ValidateTarget(TargetRules Target) dans D:\Build\++UE4\Sync\Engine\Source\Programs\UnrealBuildTool\Platform\Windows\UEBuildWindows.cs:ligne 878
UnrealBuildTool.Main:    à UnrealBuildTool.RulesAssembly.CreateTargetRulesInstance(String TypeName, TargetInfo TargetInfo) dans D:\Build\++UE4\Sync\Engine\Source\Programs\UnrealBuildTool\System\RulesAssembly.cs:ligne 599
UnrealBuildTool.Main:    à UnrealBuildTool.RulesAssembly.CreateTargetRules(String TargetName, UnrealTargetPlatform Platform, UnrealTargetConfiguration Configuration, String Architecture, FileReference ProjectFile, CommandLineArguments Arguments) dans D:\Build\++UE4\Sync\Engine\Source\Programs\UnrealBuildTool\System\RulesAssembly.cs:ligne 659
UnrealBuildTool.Main:    à UnrealBuildTool.ProjectFileGenerator.AddProjectsForAllTargets(PlatformProjectGeneratorCollection PlatformProjectGenerators, List`1 AllGames, List`1 AllTargetFiles, String[] Arguments, ProjectFile& EngineProject, ProjectFile& EnterpriseProject, List`1& GameProjects, Dictionary`2& ProgramProjects) dans D:\Build\++UE4\Sync\Engine\Source\Programs\UnrealBuildTool\ProjectFiles\ProjectFileGenerator.cs:ligne 2339
UnrealBuildTool.Main:    à UnrealBuildTool.ProjectFileGenerator.GenerateProjectFiles(PlatformProjectGeneratorCollection PlatformProjectGenerators, String[] Arguments) dans D:\Build\++UE4\Sync\Engine\Source\Programs\UnrealBuildTool\ProjectFiles\ProjectFileGenerator.cs:ligne 774
UnrealBuildTool.Main:    à UnrealBuildTool.GenerateProjectFilesMode.Execute(CommandLineArguments Arguments) dans D:\Build\++UE4\Sync\Engine\Source\Programs\UnrealBuildTool\Modes\GenerateProjectFilesMode.cs:ligne 208
UnrealBuildTool.Main:    à UnrealBuildTool.UnrealBuildTool.Main(String[] ArgumentsArray) dans D:\Build\++UE4\Sync\Engine\Source\Programs\UnrealBuildTool\UnrealBuildTool.cs:ligne 557
Timeline.Print: Timeline:
Timeline.Print: 
Timeline.Print: [ 0.000]
Timeline.Print: [ 0.000](+0.030) <unknown>
Timeline.Print: [ 0.030](+0.065) XmlConfig.ReadConfigFiles()
Timeline.Print: [ 0.095](+0.000) SingleInstanceMutex.Acquire()
Timeline.Print: [ 0.095](+0.050) UEBuildPlatform.RegisterPlatforms()
Timeline.Print:   0.096          [ 0.000](+0.024) Initializing InstalledPlatformInfo
Timeline.Print:   0.121          [ 0.025](+0.000) Querying types
Timeline.Print:   0.122          [ 0.026](+0.001) MacPlatformFactory
Timeline.Print:   0.123          [ 0.028](+0.000) TVOSPlatformFactory
Timeline.Print:   0.123          [ 0.028](+0.014) AndroidPlatformFactory
Timeline.Print:   0.138          [ 0.042](+0.000) HoloLensPlatformFactory
Timeline.Print:   0.138          [ 0.042](+0.002) IOSPlatformFactory
Timeline.Print:   0.141          [ 0.045](+0.003) LinuxPlatformFactory
Timeline.Print:   0.144          [ 0.049](+0.000) LuminPlatformFactory
Timeline.Print:   0.145          [ 0.049](+0.000) WindowsPlatformFactory
Timeline.Print: [ 0.145](+0.375) <unknown>
Timeline.Print: [ 0.520](+0.002) Finding engine modules
Timeline.Print: [ 0.523](+0.002) Finding plugin modules
Timeline.Print: [ 0.525](+0.045) <unknown>
Timeline.Print: [ 0.571](+0.000) Finding program modules
Timeline.Print: [ 0.571](+0.000) Finding program targets
Timeline.Print: [ 0.571](+0.067) <unknown>
Timeline.Print: [ 0.638](+0.000) FileMetadataPrefetch.Stop()
Timeline.Print: [ 0.640]
